Using pre-set license
Built from '2020.2/release' branch; Version is '2020.2.4f1 (becced5a802b) revision 12504301'; Using compiler version '192528614'; Build Type 'Release'
OS: 'Windows 10 Home; OS build 19041.985; Version 2004; 64bit' Language: 'en' Physical Memory: 32683 MB
BatchMode: 1, IsHumanControllingUs: 0, StartBugReporterOnCrash: 0, Is64bit: 1, IsPro: 0

 COMMAND LINE ARGUMENTS:
C:\Program Files\Unity\Hub\Editor\2020.2.4f1\Editor\Unity.exe
-adb2
-batchMode
-noUpm
-name
AssetImportWorker0
-projectPath
E:/Personal Projects/Mini-Builder
-logFile
Logs/AssetImportWorker0.log
-srvPort
54179
Successfully changed project path to: E:/Personal Projects/Mini-Builder
E:/Personal Projects/Mini-Builder
Using Asset Import Pipeline V2.
Refreshing native plugins compatible for Editor in 20.71 ms, found 0 plugins.
Preloading 0 native plugins for Editor in 0.00 ms.
Initialize engine version: 2020.2.4f1 (becced5a802b)
[Subsystems] Discovering subsystems at path C:/Program Files/Unity/Hub/Editor/2020.2.4f1/Editor/Data/Resources/UnitySubsystems
[Subsystems] Discovering subsystems at path E:/Personal Projects/Mini-Builder/Assets
GfxDevice: creating device client; threaded=0
Direct3D:
    Version:  Direct3D 11.0 [level 11.1]
    Renderer: AMD Radeon RX 5700 XT (ID=0x731f)
    Vendor:   
    VRAM:     8152 MB
    Driver:   27.20.14501.18003
Initialize mono
Mono path[0] = 'C:/Program Files/Unity/Hub/Editor/2020.2.4f1/Editor/Data/Managed'
Mono path[1] = 'C:/Program Files/Unity/Hub/Editor/2020.2.4f1/Editor/Data/MonoBleedingEdge/lib/mono/unityjit'
Mono config path = 'C:/Program Files/Unity/Hub/Editor/2020.2.4f1/Editor/Data/MonoBleedingEdge/etc'
Using monoOptions --debugger-agent=transport=dt_socket,embedding=1,server=y,suspend=n,address=127.0.0.1:56592
Begin MonoManager ReloadAssembly
Registering precompiled unity dll's ...
Register platform support module: C:/Program Files/Unity/Hub/Editor/2020.2.4f1/Editor/Data/PlaybackEngines/WebGLSupport/UnityEditor.WebGL.Extensions.dll
Register platform support module: C:/Program Files/Unity/Hub/Editor/2020.2.4f1/Editor/Data/PlaybackEngines/MacStandaloneSupport/UnityEditor.OSXStandalone.Extensions.dll
Register platform support module: C:/Program Files/Unity/Hub/Editor/2020.2.4f1/Editor/Data/PlaybackEngines/WindowsStandaloneSupport/UnityEditor.WindowsStandalone.Extensions.dll
Register platform support module: C:/Program Files/Unity/Hub/Editor/2020.2.4f1/Editor/Data/PlaybackEngines/LinuxStandaloneSupport/UnityEditor.LinuxStandalone.Extensions.dll
Register platform support module: C:/Program Files/Unity/Hub/Editor/2020.2.4f1/Editor/Data/PlaybackEngines/LuminSupport/UnityEditor.Lumin.Extensions.dll
Registered in 0.002648 seconds.
Native extension for Lumin target not found
Native extension for LinuxStandalone target not found
Native extension for WindowsStandalone target not found
Native extension for OSXStandalone target not found
Native extension for WebGL target not found
Refreshing native plugins compatible for Editor in 17.76 ms, found 0 plugins.
Preloading 0 native plugins for Editor in 0.00 ms.
Invoked RoslynAnalysisRunner static constructor.
RoslynAnalysisRunner will not be running.
RoslynAnalysisRunner has terminated.
Mono: successfully reloaded assembly
- Completed reload, in  1.949 seconds
Platform modules already initialized, skipping
Registering precompiled user dll's ...
Registered in 0.000387 seconds.
Begin MonoManager ReloadAssembly
Native extension for Lumin target not found
Native extension for LinuxStandalone target not found
Native extension for WindowsStandalone target not found
Native extension for OSXStandalone target not found
Native extension for WebGL target not found
Refreshing native plugins compatible for Editor in 0.17 ms, found 0 plugins.
Preloading 0 native plugins for Editor in 0.00 ms.
Invoked RoslynAnalysisRunner static constructor.
RoslynAnalysisRunner will not be running.
RoslynAnalysisRunner has terminated.
Mono: successfully reloaded assembly
- Completed reload, in  0.681 seconds
Platform modules already initialized, skipping
========================================================================
Worker process is ready to serve import requests
Launched and connected shader compiler UnityShaderCompiler.exe after 0.03 seconds
Refreshing native plugins compatible for Editor in 0.16 ms, found 0 plugins.
Preloading 0 native plugins for Editor in 0.00 ms.
Unloading 1104 Unused Serialized files (Serialized files now loaded: 0)
System memory in use before: 68.4 MB.
System memory in use after: 68.4 MB.

Unloading 10 unused Assets to reduce memory usage. Loaded Objects now: 1559.
Total: 1.414100 ms (FindLiveObjects: 0.111100 ms CreateObjectMapping: 0.026600 ms MarkObjects: 1.214600 ms  DeleteObjects: 0.060800 ms)

========================================================================
Received Import Request.
  path: Assets/New Terrain.asset
  artifactKey: Guid(97a6b8b7690d94e4d95a178010ded890) Importer(815301076,1909f56bfc062723c751e8b465ee728b)
Start importing Assets/New Terrain.asset using Guid(97a6b8b7690d94e4d95a178010ded890) Importer(815301076,1909f56bfc062723c751e8b465ee728b)  -> (artifact id: '910499eede79c37fcec0283f666694a7') in 0.031091 seconds
  Import took 0.043702 seconds .

========================================================================
Received Prepare
Registering precompiled user dll's ...
Registered in 0.000356 seconds.
Begin MonoManager ReloadAssembly
Native extension for Lumin target not found
Native extension for LinuxStandalone target not found
Native extension for WindowsStandalone target not found
Native extension for OSXStandalone target not found
Native extension for WebGL target not found
Refreshing native plugins compatible for Editor in 0.17 ms, found 0 plugins.
Preloading 0 native plugins for Editor in 0.00 ms.
Invoked RoslynAnalysisRunner static constructor.
RoslynAnalysisRunner will not be running.
RoslynAnalysisRunner has terminated.
Mono: successfully reloaded assembly
- Completed reload, in  0.623 seconds
Platform modules already initialized, skipping
Refreshing native plugins compatible for Editor in 0.18 ms, found 0 plugins.
Preloading 0 native plugins for Editor in 0.00 ms.
Unloading 1099 Unused Serialized files (Serialized files now loaded: 0)
System memory in use before: 68.3 MB.
System memory in use after: 68.4 MB.

Unloading 5 unused Assets to reduce memory usage. Loaded Objects now: 1561.
Total: 1.389300 ms (FindLiveObjects: 0.122100 ms CreateObjectMapping: 0.030600 ms MarkObjects: 1.191600 ms  DeleteObjects: 0.043600 ms)

========================================================================
Received Import Request.
  Time since last request: 1434.468065 seconds.
  path: Assets/Checkered 20x20.png
  artifactKey: Guid(c667892bdd3215e42a17735ab57d63b4) Importer(815301076,1909f56bfc062723c751e8b465ee728b)
Start importing Assets/Checkered 20x20.png using Guid(c667892bdd3215e42a17735ab57d63b4) Importer(815301076,1909f56bfc062723c751e8b465ee728b)  -> (artifact id: '02d114e772e0e2ad8cb63d932aa1a22b') in 0.069517 seconds
  Import took 0.078781 seconds .

========================================================================
Received Import Request.
  Time since last request: 16.767289 seconds.
  path: Assets/Quad.prefab
  artifactKey: Guid(962696080717ac844b9cdc428fd3a4ee) Importer(815301076,1909f56bfc062723c751e8b465ee728b)
Start importing Assets/Quad.prefab using Guid(962696080717ac844b9cdc428fd3a4ee) Importer(815301076,1909f56bfc062723c751e8b465ee728b)  -> (artifact id: '7bb9035a1e3b599dc82efcdf0275f0db') in 0.056400 seconds
  Import took 0.065888 seconds .

========================================================================
Received Import Request.
  Time since last request: 0.002972 seconds.
  path: Assets/Quad.prefab
  artifactKey: Guid(962696080717ac844b9cdc428fd3a4ee) Importer(815301076,1909f56bfc062723c751e8b465ee728b)
Start importing Assets/Quad.prefab using Guid(962696080717ac844b9cdc428fd3a4ee) Importer(815301076,1909f56bfc062723c751e8b465ee728b)  -> (artifact id: '7bb9035a1e3b599dc82efcdf0275f0db') in 0.006365 seconds
  Import took 0.007946 seconds .

========================================================================
Received Import Request.
  Time since last request: 8.267896 seconds.
  path: Assets/Quad (1).prefab
  artifactKey: Guid(d40c5dbf3e39d724184467f0a16b1285) Importer(815301076,1909f56bfc062723c751e8b465ee728b)
Start importing Assets/Quad (1).prefab using Guid(d40c5dbf3e39d724184467f0a16b1285) Importer(815301076,1909f56bfc062723c751e8b465ee728b)  -> (artifact id: '0329d22d8eaf67f300dd3d53c225742e') in 0.009224 seconds
  Import took 0.010744 seconds .

========================================================================
Received Import Request.
  Time since last request: 0.016861 seconds.
  path: Assets/Quad (1).prefab
  artifactKey: Guid(d40c5dbf3e39d724184467f0a16b1285) Importer(815301076,1909f56bfc062723c751e8b465ee728b)
Start importing Assets/Quad (1).prefab using Guid(d40c5dbf3e39d724184467f0a16b1285) Importer(815301076,1909f56bfc062723c751e8b465ee728b)  -> (artifact id: '0329d22d8eaf67f300dd3d53c225742e') in 0.005508 seconds
  Import took 0.007040 seconds .

========================================================================
Received Import Request.
  Time since last request: 130.118490 seconds.
  path: Assets/Quad.prefab
  artifactKey: Guid(962696080717ac844b9cdc428fd3a4ee) Importer(815301076,1909f56bfc062723c751e8b465ee728b)
Start importing Assets/Quad.prefab using Guid(962696080717ac844b9cdc428fd3a4ee) Importer(815301076,1909f56bfc062723c751e8b465ee728b)  -> (artifact id: '6d655c309d0649e6a36518565892f632') in 0.007207 seconds
  Import took 0.009413 seconds .

========================================================================
Received Import Request.
  Time since last request: 0.017668 seconds.
  path: Assets/Quad.prefab
  artifactKey: Guid(962696080717ac844b9cdc428fd3a4ee) Importer(815301076,1909f56bfc062723c751e8b465ee728b)
Start importing Assets/Quad.prefab using Guid(962696080717ac844b9cdc428fd3a4ee) Importer(815301076,1909f56bfc062723c751e8b465ee728b)  -> (artifact id: '6d655c309d0649e6a36518565892f632') in 0.005188 seconds
  Import took 0.006931 seconds .

